1505577729757	geckodriver	INFO	Listening on 127.0.0.1:12570
1505577731757	mozprofile::profile	INFO	Using profile path A:\AppData\Local\Temp\rust_mozprofile.HNwWTH9Pd1xr
1505577731757	geckodriver::marionette	INFO	Starting browser C:\Program Files (x86)\Mozilla Firefox\firefox.exe
1505577731757	geckodriver::marionette	INFO	Connecting to Marionette on localhost:12576
1505577732689	Marionette	INFO	Listening on port 12576
JavaScript warning: resource://addoninstaller/log4moz.js, line 494: mutating the [[Prototype]] of an object will cause your code to run very slowly; instead create the object with the correct initial [[Prototype]] value using Object.create
JavaScript error: https://sp0.baidu.com/5a1Fazu8AA54nxGko9WTAnF6hhy/su?wd=s&json=1&p=3&sid=1458_21106_18559_17001&req=2&csor=1&cb=jQuery1102002515705176612848_1503067117243&_=1503067117245, line 1: TypeError: jQuery1102002515705176612848_1503067117243 is not a function
on
JavaScript error: https://sp0.baidu.com/5a1Fazu8AA54nxGko9WTAnF6hhy/su?wd=sel&json=1&p=3&sid=1467_21090_18560_17001_22072&req=2&csor=3&pwd=se&cb=jQuery110209011770550625551_1503067112699&_=1503067112703, line 1: TypeError: jQuery110209011770550625551_1503067112699 is not a function
JavaScript error: https://sp0.baidu.com/5a1Fazu8AA54nxGko9WTAnF6hhy/su?wd=se&json=1&p=3&sid=1467_21090_18560_17001_22072&req=2&csor=2&pwd=s&cb=jQuery110209011770550625551_1503067112699&_=1503067112702, line 1: TypeError: jQuery110209011770550625551_1503067112699 is not a function
JavaScript error: https://sp0.baidu.com/5a1Fazu8AA54nxGko9WTAnF6hhy/su?wd=selenium&json=1&p=3&sid=1467_21090_18560_17001_22072&req=2&csor=8&pwd=seleniu&cb=jQuery110209011770550625551_1503067112699&_=1503067112708, line 1: TypeError: jQuery110209011770550625551_1503067112699 is not a function
JavaScript error: https://sp0.baidu.com/5a1Fazu8AA54nxGko9WTAnF6hhy/su?wd=sele&json=1&p=3&sid=1467_21090_18560_17001_22072&req=2&csor=4&pwd=sel&cb=jQuery110209011770550625551_1503067112699&_=1503067112704, line 1: TypeError: jQuery110209011770550625551_1503067112699 is not a function
JavaScript error: https://sp0.baidu.com/5a1Fazu8AA54nxGko9WTAnF6hhy/su?wd=selen&json=1&p=3&sid=1467_21090_18560_17001_22072&req=2&csor=5&pwd=sele&cb=jQuery110209011770550625551_1503067112699&_=1503067112705, line 1: TypeError: jQuery110209011770550625551_1503067112699 is not a function
JavaScript error: https://sp0.baidu.com/5a1Fazu8AA54nxGko9WTAnF6hhy/su?wd=seleni&json=1&p=3&sid=1467_21090_18560_17001_22072&req=2&csor=6&pwd=selen&cb=jQuery110209011770550625551_1503067112699&_=1503067112706, line 1: TypeError: jQuery110209011770550625551_1503067112699 is not a function
JavaScript error: https://sp0.baidu.com/5a1Fazu8AA54nxGko9WTAnF6hhy/su?wd=seleniu&json=1&p=3&sid=1467_21090_18560_17001_22072&req=2&csor=7&pwd=seleni&cb=jQuery110209011770550625551_1503067112699&_=1503067112707, line 1: TypeError: jQuery110209011770550625551_1503067112699 is not a function
JavaScript error: https://normandy-cloudfront.cdn.mozilla.net/static/bundles/selfrepair.afb53ff18f093e84a458.js, line 6: SyntaxError: missing = in const declaration
ox@getpocket.com":{"d":"C:\\Program Files (x86)\\Mozilla Firefox\\browser\\features\\firefox@getpocket.com.xpi","st":1489136090046},"loop@mozilla.org":{"d":"C:\\Program Files (x86)\\Mozilla Firefox\\browser\\features\\loop@mozilla.org.xpi","st":1489136090004},"websensehelper@mozilla.org":{"d":"C:\\Program Files (x86)\\Mozilla Firefox\\browser\\features\\websensehelper@mozilla.org.xpi","st":1489136090186}},"app-global":{"{972ce4c6-7e08-4474-a285-3208198ce6fd}":{"d":"C:\\Program Files (x86)\\Mozilla Firefox\\browser\\extensions\\{972ce4c6-7e08-4474-a285-3208198ce6fd}.xpi","st":1489136090068}}}
1503065100522	addons.xpi-utils	DEBUG	Opening XPI database A:\AppData\Local\Temp\rust_mozprofile.xpdr3Y94qhs9\extensions.json
1503065100523	addons.xpi-utils	DEBUG	New add-on e10srollout@mozilla.org installed in app-system-defaults
*** Blocklist::_loadBlocklistFromFile: blocklist is disabled
1503065100541	DeferredSave.extensions.json	DEBUG	Save changes
1503065100542	addons.xpi-utils	DEBUG	New add-on firefox@getpocket.com installed in app-system-defaults
1503065100570	DeferredSave.extensions.json	DEBUG	Starting timer
1503065100571	DeferredSave.extensions.json	DEBUG	Save changes
1503065100571	addons.xpi-utils	DEBUG	New add-on loop@mozilla.org installed in app-system-defaults
1503065100594	DeferredSave.extensions.json	DEBUG	Save changes
1503065100594	addons.xpi-utils	DEBUG	New add-on websensehelper@mozilla.org installed in app-system-defaults
1503065100606	DeferredSave.extensions.json	DEBUG	Save changes
1503065100607	addons.xpi-utils	DEBUG	New add-on {972ce4c6-7e08-4474-a285-3208198ce6fd} installed in app-global
1503065100610	DeferredSave.extensions.json	DEBUG	Save changes
1503065100611	addons.xpi-utils	INFO	Hiding the updated system add-ons.
1503065100619	addons.xpi	DEBUG	Loading bootstrap scope from C:\Program Files (x86)\Mozilla Firefox\browser\features\e10srollout@mozilla.org.xpi
1503065100633	addons.xpi	DEBUG	Calling bootstrap method install on e10srollout@mozilla.org version 1.0
1503065100633	addons.xpi-utils	DEBUG	Make addon app-system-defaults:e10srollout@mozilla.org visible
1503065100634	DeferredSave.extensions.json	DEBUG	Save changes
1503065100634	addons.xpi	DEBUG	Loading bootstrap scope from C:\Program Files (x86)\Mozilla Firefox\browser\features\firefox@getpocket.com.xpi
1503065100640	addons.xpi	DEBUG	Calling bootstrap method install on firefox@getpocket.com version 1.0.2
1503065100640	addons.xpi-utils	DEBUG	Make addon app-system-defaults:firefox@getpocket.com visible
1503065100640	DeferredSave.extensions.json	DEBUG	Save changes
1503065100641	addons.xpi	DEBUG	Loading bootstrap scope from C:\Program Files (x86)\Mozilla Firefox\browser\features\loop@mozilla.org.xpi
1503065100647	addons.xpi	DEBUG	Calling bootstrap method install on loop@mozilla.org version 1.3.2
1503065100647	addons.xpi-utils	DEBUG	Make addon app-system-defaults:loop@mozilla.org visible
1503065100647	DeferredSave.extensions.json	DEBUG	Save changes
1503065100649	addons.xpi	DEBUG	Loading bootstrap scope from C:\Program Files (x86)\Mozilla Firefox\browser\features\websensehelper@mozilla.org.xpi
1503065100652	addons.xpi	DEBUG	Calling bootstrap method install on websensehelper@mozilla.org version 1.0
1503065100653	addons.xpi-utils	DEBUG	Make addon app-system-defaults:websensehelper@mozilla.org visible
1503065100653	DeferredSave.extensions.json	DEBUG	Save changes
1503065100653	addons.xpi-utils	DEBUG	Make addon app-global:{972ce4c6-7e08-4474-a285-3208198ce6fd} visible
1503065100654	DeferredSave.extensions.json	DEBUG	Save changes
1503065100654	addons.xpi	DEBUG	Updating XPIState for {"id":"e10srollout@mozilla.org","syncGUID":"veul0mfwnypN","location":"app-system-defaults","version":"1.0","type":"extension","internalName":null,"updateURL":null,"updateKey":null,"optionsURL":null,"optionsType":null,"aboutURL":null,"icons":{},"iconURL":null,"icon64URL":null,"defaultLocale":{"name":"Multi-process staged rollout","description":"Staged rollout of Firefox multi-process feature.","creator":null,"homepageURL":null},"visible":true,"active":true,"userDisabled":false,"appDisabled":false,"descriptor":"C:\\Program Files (x86)\\Mozilla Firefox\\browser\\features\\e10srollout@mozilla.org.xpi","installDate":1489136090052,"updateDate":1489136090052,"applyBackgroundUpdates":1,"bootstrap":true,"skinnable":false,"size":4584,"sourceURI":null,"releaseNotesURI":null,"softDisabled":false,"foreignInstall":false,"hasBinaryComponents":false,"strictCompatibility":false,"locales":[],"targetApplications":[{"id":"{ec8030f7-c20a-464f-9b0e-13a3a9e97384}","minVersion":"47.0.2","maxVersion":"47.0.2"}],"targetPlatforms":[],"multiprocessCompatible":false,"seen":true}
1503065100654	addons.xpi	DEBUG	getModTime: Recursive scan of e10srollout@mozilla.org
1503065100655	addons.xpi	DEBUG	Updating XPIState for {"id":"firefox@getpocket.com","syncGUID":"AlMFZW591ZSr","location":"app-system-defaults","version":"1.0.2","type":"extension","internalName":null,"updateURL":null,"updateKey":null,"optionsURL":null,"optionsType":null,"aboutURL":null,"icons":{},"iconURL":null,"icon64URL":null,"defaultLocale":{"name":"Pocket","description":"When you find something you want to view later, put it in Pocket.","creator":null,"homepageURL":null},"visible":true,"active":true,"userDisabled":false,"appDisabled":false,"descriptor":"C:\\Program Files (x86)\\Mozilla Firefox\\browser\\features\\firefox@getpocket.com.xpi","installDate":1489136090046,"updateDate":1489136090046,"applyBackgroundUpdates":1,"bootstrap":true,"skinnable":false,"size":894533,"sourceURI":null,"releaseNotesURI":null,"softDisabled":false,"foreignInstall":false,"hasBinaryComponents":false,"strictCompatibility":false,"locales":[],"targetApplications":[{"id":"{ec8030f7-c20a-464f-9b0e-13a3a9e97384}","minVersion":"47.0.2","maxVersion":"47.0.2"}],"targetPlatforms":[],"multiprocessCompatible":false,"seen":true}
1503065100655	addons.xpi	DEBUG	getModTime: Recursive scan of firefox@getpocket.com
1503065100656	addons.xpi	DEBUG	Updating XPIState for {"id":"loop@mozilla.org","syncGUID":"Mt0zM2NEbUnX","location":"app-system-defaults","version":"1.3.2","type":"extension","internalName":null,"updateURL":null,"updateKey":null,"optionsURL":null,"optionsType":null,"aboutURL":null,"icons":{},"iconURL":null,"icon64URL":null,"defaultLocale":{"name":"Firefox Hello","description":"Web sharing for Firefox","creator":"Mozilla","homepageURL":null},"visible":true,"active":true,"userDisabled":false,"appDisabled":false,"descriptor":"C:\\Program Files (x86)\\Mozilla Firefox\\browser\\features\\loop@mozilla.org.xpi","installDate":1489136090004,"updateDate":1489136090004,"applyBackgroundUpdates":1,"bootstrap":true,"skinnable":false,"size":4239055,"sourceURI":null,"releaseNotesURI":null,"softDisabled":false,"foreignInstall":false,"hasBinaryComponents":false,"strictCompatibility":false,"locales":[],"targetApplications":[{"id":"{ec8030f7-c20a-464f-9b0e-13a3a9e97384}","minVersion":"46.0a1","maxVersion":"47.*"},{"id":"xpcshell@tests.mozilla.org","minVersion":"0","maxVersion":"10"}],"targetPlatforms":[],"multiprocessCompatible":false,"seen":true}
1503065100656	addons.xpi	DEBUG	getModTime: Recursive scan of loop@mozilla.org
1503065100656	addons.xpi	DEBUG	Updating XPIState for {"id":"websensehelper@mozilla.org","syncGUID":"jlar0TUG0zfe","location":"app-system-defaults","version":"1.0","type":"extension","internalName":null,"updateURL":null,"updateKey":null,"optionsURL":null,"optionsType":null,"aboutURL":null,"icons":{},"iconURL":null,"icon64URL":null,"defaultLocale":{"name":"Websense Helper","description":"Checks for the non-presence of Websense to allow updates to happen.","creator":null,"homepageURL":null},"visible":true,"active":true,"userDisabled":false,"appDisabled":false,"descriptor":"C:\\Program Files (x86)\\Mozilla Firefox\\browser\\features\\websensehelper@mozilla.org.xpi","installDate":1489136090186,"updateDate":1489136090186,"applyBackgroundUpdates":1,"bootstrap":true,"skinnable":false,"size":3110,"sourceURI":null,"releaseNotesURI":null,"softDisabled":false,"foreignInstall":false,"hasBinaryComponents":false,"strictCompatibility":false,"locales":[],"targetApplications":[{"id":"{ec8030f7-c20a-464f-9b0e-13a3a9e97384}","minVersion":"47.0.2","maxVersion":"47.*"}],"targetPlatforms":[],"multiprocessCompatible":false,"seen":true}
1503065100656	addons.xpi	DEBUG	getModTime: Recursive scan of websensehelper@mozilla.org
1503065100657	addons.xpi	DEBUG	Updating XPIState for {"id":"{972ce4c6-7e08-4474-a285-3208198ce6fd}","syncGUID":"c0AhZgPs5P_e","location":"app-global","version":"47.0.2","type":"theme","internalName":"classic/1.0","updateURL":null,"updateKey":null,"optionsURL":null,"optionsType":null,"aboutURL":null,"icons":{"32":"icon.png","48":"icon.png"},"iconURL":null,"icon64URL":null,"defaultLocale":{"name":"Default","description":"The default theme.","creator":"Mozilla","homepageURL":null,"contributors":["Mozilla Contributors"]},"visible":true,"active":true,"userDisabled":false,"appDisabled":false,"descriptor":"C:\\Program Files (x86)\\Mozilla Firefox\\browser\\extensions\\{972ce4c6-7e08-4474-a285-3208198ce6fd}.xpi","installDate":1489136090068,"updateDate":1489136090068,"applyBackgroundUpdates":1,"skinnable":true,"size":22012,"sourceURI":null,"releaseNotesURI":null,"softDisabled":false,"foreignInstall":false,"hasBinaryComponents":false,"strictCompatibility":true,"locales":[],"targetApplications":[{"id":"{ec8030f7-c20a-464f-9b0e-13a3a9e97384}","minVersion":"47.0.2","maxVersion":"47.0.2"}],"targetPlatforms":[],"seen":true}
1503065100657	addons.xpi	DEBUG	getModTime: Recursive scan of {972ce4c6-7e08-4474-a285-3208198ce6fd}
1503065100658	DeferredSave.extensions.json	DEBUG	Save changes
1503065100658	addons.xpi	DEBUG	Updating database with changes to installed add-ons
1503065100658	addons.xpi-utils	DEBUG	Updating add-on states
1503065100658	addons.xpi-utils	DEBUG	Writing add-ons list
1503065100661	addons.xpi	DEBUG	Registering manifest for C:\Program Files (x86)\Mozilla Firefox\browser\features\e10srollout@mozilla.org.xpi
1503065100661	addons.xpi	DEBUG	Calling bootstrap method startup on e10srollout@mozilla.org version 1.0
1503065100661	addons.xpi	DEBUG	Registering manifest for C:\Program Files (x86)\Mozilla Firefox\browser\features\firefox@getpocket.com.xpi
1503065100662	addons.xpi	DEBUG	Calling bootstrap method startup on firefox@getpocket.com version 1.0.2
1503065100663	addons.xpi	DEBUG	Registering manifest for C:\Program Files (x86)\Mozilla Firefox\browser\features\loop@mozilla.org.xpi
1503065100664	addons.xpi	DEBUG	Calling bootstrap method startup on loop@mozilla.org version 1.3.2
1503065100689	addons.xpi	DEBUG	Registering manifest for C:\Program Files (x86)\Mozilla Firefox\browser\features\websensehelper@mozilla.org.xpi
1503065100689	addons.xpi	DEBUG	Calling bootstrap method startup on websensehelper@mozilla.org version 1.0
1503065100693	addons.manager	DEBUG	Registering shutdown blocker for XPIProvider
1503065100693	addons.manager	DEBUG	Provider finished startup: XPIProvider
1503065100693	addons.manager	DEBUG	Starting provider: LightweightThemeManager
1503065100693	addons.manager	DEBUG	Registering shutdown blocker for LightweightThemeManager
1503065100693	addons.manager	DEBUG	Provider finished startup: LightweightThemeManager
1503065100694	addons.manager	DEBUG	Starting provider: GMPProvider
1503065100703	addons.manager	DEBUG	Registering shutdown blocker for GMPProvider
1503065100703	addons.manager	DEBUG	Provider finished startup: GMPProvider
1503065100703	addons.manager	DEBUG	Starting provider: PluginProvider
1503065100704	addons.manager	DEBUG	Registering shutdown blocker for PluginProvider
1503065100704	addons.manager	DEBUG	Provider finished startup: PluginProvider
1503065100704	addons.manager	DEBUG	Completed startup sequence
1503065100989	Marionette	INFO	Listening on port 43860
1503065101141	addons.manager	DEBUG	Starting provider: <unnamed-provider>
1503065101141	addons.manager	DEBUG	Registering shutdown blocker for <unnamed-provider>
1503065101141	addons.manager	DEBUG	Provider finished startup: <unnamed-provider>
1503065102033	addons.manager	DEBUG	Starting provider: PreviousExperimentProvider
1503065102033	addons.manager	DEBUG	Registering shutdown blocker for PreviousExperimentProvider
1503065102033	addons.manager	DEBUG	Provider finished startup: PreviousExperimentProvider
1503065102036	DeferredSave.extensions.json	DEBUG	Starting write
1503065102504	DeferredSave.extensions.json	DEBUG	Write succeeded
1503065102504	addons.xpi-utils	DEBUG	XPI Database saved, setting schema version preference to 17
JavaScript warning: resource://addoninstaller/log4moz.js, line 494: mutating the [[Prototype]] of an object will cause your code to run very slowly; instead create the object with the correct initial [[Prototype]] value using Object.create
1503065164616	addons.productaddons	INFO	sending request to: https://aus5.mozilla.org/update/3/GMP/47.0.2/20161031133903/WINNT_x86-msvc-x64/zh-CN/release-cck-mozillaonline/Windows_NT%2010.0.0.0%20(x64)/MozillaOnline/2015.11/update.xml
1503065165559	addons.productaddons	INFO	Completed downloading document
1503065181971	addons.productaddons	INFO	downloadXHR File download. status=200
1503065181976	addons.productaddons	INFO	Downloaded file will be saved to A:\AppData\Local\Temp\tmpaddon
1503065183295	addons.productaddons	INFO	downloadXHR File download. status=200
1503065183303	addons.productaddons	INFO	Downloaded file will be saved to A:\AppData\Local\Temp\tmpaddon
1503065190519	addons.productaddons	INFO	downloadXHR File download. status=200
1503065190525	addons.productaddons	INFO	Downloaded file will be saved to A:\AppData\Local\Temp\tmpaddon
1503065702176	addons.manager	INFO	Skipping background update check
1503065942188	DeferredSave.extensions.json	DEBUG	Save changes
1503065942189	DeferredSave.extensions.json	DEBUG	Starting timer
1503065942211	DeferredSave.extensions.json	DEBUG	Starting write
1503065942217	DeferredSave.extensions.json	DEBUG	Write succeeded
1503072381767	addons.xpi	DEBUG	Calling bootstrap method shutdown on e10srollout@mozilla.org version 1.0
1503072381768	addons.xpi	DEBUG	Calling bootstrap method shutdown on firefox@getpocket.com version 1.0.2
1503072381769	addons.xpi	DEBUG	Calling bootstrap method shutdown on loop@mozilla.org version 1.3.2
1503072381772	addons.xpi	DEBUG	Calling bootstrap method shutdown on websensehelper@mozilla.org version 1.0
1503072384860	addons.manager	DEBUG	shutdown
1503072385061	addons.manager	DEBUG	Calling shutdown blocker for XPIProvider
1503072385062	addons.xpi	DEBUG	shutdown
1503072385062	addons.xpi-utils	DEBUG	shutdown
1503072385063	addons.manager	DEBUG	Calling shutdown blocker for LightweightThemeManager
1503072385063	addons.manager	DEBUG	Calling shutdown blocker for GMPProvider
1503072385065	addons.manager	DEBUG	Calling shutdown blocker for PluginProvider
1503072385066	addons.manager	DEBUG	Calling shutdown blocker for <unnamed-provider>
1503072385067	addons.manager	DEBUG	Calling shutdown blocker for PreviousExperimentProvider
1503072385070	addons.xpi	DEBUG	Notifying XPI shutdown observers
1503072385074	addons.manager	DEBUG	Async provider shutdown done
