standard error output:
201805061654
standard error output:
DEPRECATED: Use of this script to execute hdfs command is deprecated.
Instead use the hdfs command for it.

standard error output:
mkdir: Cannot create directory /201805061654. Name node is in safe mode.
standard error output:
copyFromLocal: `/201805061654': No such file or directory
standard error output:
18/05/06 16:54:50 INFO client.RMProxy: Connecting to ResourceManager at hadoop0/192.168.3.10:8032
standard error output:
18/05/06 16:54:51 INFO mapreduce.JobSubmitter: Cleaning up the staging area /tmp/hadoop-yarn/staging/root/.staging/job_1525596863915_0001
standard error output:
org.apache.hadoop.mapreduce.lib.input.InvalidInputException: Input path does not exist: hdfs://598f6f6a3dee:9000/201805061654standard error output:

	at org.apache.hadoop.mapreduce.lib.input.FileInputFormat.singleThreadedListStatus(FileInputFormat.java:323)
standard error output:
	at org.apache.hadoop.mapreduce.lib.input.FileInputFormat.listStatus(FileInputFormat.java:265)
	at org.apache.hadoop.mapreduce.lib.input.FileInputFormat.getSplits(FileInputFormat.java:387)
	at org.apache.hadoop.mapreduce.JobSubmitter.writeNewSplits(JobSubmitter.java:304)
	at org.apache.hadoop.mapreduce.JobSubmitter.writeSplits(JobSubmitter.java:321)
	at org.apache.hadoop.mapreduce.JobSubmitter.submitJobInternal(JobSubmitter.java:199)
	at org.apache.hadoop.mapreduce.Job$10.run(Job.java:1290)
	at org.apache.hadoop.mapreduce.Job$10.run(Job.java:1287)
standard error output:
	at java.security.AccessController.doPrivileged(Native Method)
	at javax.security.auth.Subject.doAs(Subject.java:415)
	at org.apache.hadoop.security.UserGroupInformation.doAs(UserGroupInformation.java:1657)
	at org.apache.hadoop.mapreduce.Job.submit(Job.java:1287)
	at org.apache.hadoop.mapreduce.Job.waitForCompletion(Job.java:1308)
	at org.apache.hadoop.examples.Grep.run(Grep.java:78)
	at org.apache.hadoop.util.ToolRunner.run(ToolRunner.java:70)
	at org.apache.hadoop.examples.Grep.main(Grep.java:103)
standard error output:
	at sun.reflect.NativeMethodAccessorImpl.invoke0(Native Method)
	at sun.reflect.NativeMethodAccessorImpl.invoke(NativeMethodAccessorImpl.java:57)
	at sun.reflect.DelegatingMethodAccessorImpl.invoke(DelegatingMethodAccessorImpl.java:43)
	at java.lang.reflect.Method.invoke(Method.java:606)
	at org.apache.hadoop.util.ProgramDriver$ProgramDescription.invoke(ProgramDriver.java:71)
	at org.apache.hadoop.util.ProgramDriver.run(ProgramDriver.java:144)
	at org.apache.hadoop.examples.ExampleDriver.main(ExampleDriver.java:74)
	at sun.reflect.NativeMethodAccessorImpl.invoke0(Native Method)
	at sun.reflect.NativeMethodAccessorImpl.invoke(NativeMethodAccessorImpl.java:57)
	at sun.reflect.DelegatingMethodAccessorImpl.invoke(DelegatingMethodAccessorImpl.java:43)
standard error output:
	at java.lang.reflect.Method.invoke(Method.java:606)
	at org.apache.hadoop.util.RunJar.run(RunJar.java:221)
	at org.apache.hadoop.util.RunJar.main(RunJar.java:136)
standard error output:
cat: `output-201805061654/*': No such file or directory
child process eixt ,exit:1