[0819/070028.430:ERROR:prune_crash_reports.cc(35)] PruneCrashReportDatabase: Failed to get pending reports
[0916/152351.839:ERROR:crash_report_database_win.cc(568)] CreateDirectory A:\AppData\Local\Temp\scoped_dir51004_12440\Crashpad: 磁盘空间不足。 (0x70)
[0916/152351.865:ERROR:registration_protocol_win.cc(84)] TransactNamedPipe: 管道已结束。 (0x6D)
[0916/152351.866:ERROR:crash_report_database_win.cc(568)] CreateDirectory A:\AppData\Local\Temp\scoped_dir51004_12440\Crashpad: 磁盘空间不足。 (0x70)
[0916/152525.339:ERROR:crash_report_database_win.cc(568)] CreateDirectory A:\AppData\Local\Temp\scoped_dir64348_22920\Crashpad: 磁盘空间不足。 (0x70)
[0916/152525.344:ERROR:registration_protocol_win.cc(84)] TransactNamedPipe: 管道已结束。 (0x6D)
[0916/152525.345:ERROR:crash_report_database_win.cc(568)] CreateDirectory A:\AppData\Local\Temp\scoped_dir64348_22920\Crashpad: 磁盘空间不足。 (0x70)
[0916/224525.131:ERROR:crash_report_database_win.cc(568)] CreateDirectory A:\AppData\Local\Temp\scoped_dir30876_1653\Crashpad: 磁盘空间不足。 (0x70)
[0916/224525.147:ERROR:registration_protocol_win.cc(84)] TransactNamedPipe: 管道已结束。 (0x6D)
[0916/224525.147:ERROR:crash_report_database_win.cc(568)] CreateDirectory A:\AppData\Local\Temp\scoped_dir30876_1653\Crashpad: 磁盘空间不足。 (0x70)
[0917/092320.526:ERROR:crash_report_database_win.cc(568)] CreateDirectory A:\AppData\Local\Temp\scoped_dir7792_27578\Crashpad\reports: 磁盘空间不足。 (0x70)
[0917/092320.561:ERROR:registration_protocol_win.cc(84)] TransactNamedPipe: 管道已结束。 (0x6D)
[0917/092320.562:ERROR:crash_report_database_win.cc(568)] CreateDirectory A:\AppData\Local\Temp\scoped_dir7792_27578\Crashpad\reports: 磁盘空间不足。 (0x70)
[0917/092454.353:ERROR:crash_report_database_win.cc(568)] CreateDirectory A:\AppData\Local\Temp\scoped_dir804_22082\Crashpad\reports: 磁盘空间不足。 (0x70)
[0917/092454.357:ERROR:registration_protocol_win.cc(84)] TransactNamedPipe: 管道已结束。 (0x6D)
[0917/092454.359:ERROR:crash_report_database_win.cc(568)] CreateDirectory A:\AppData\Local\Temp\scoped_dir804_22082\Crashpad\reports: 磁盘空间不足。 (0x70)
[0917/092627.388:ERROR:crash_report_database_win.cc(568)] CreateDirectory A:\AppData\Local\Temp\scoped_dir12948_18900\Crashpad\reports: 磁盘空间不足。 (0x70)
[0917/092627.391:ERROR:registration_protocol_win.cc(84)] TransactNamedPipe: 管道已结束。 (0x6D)
[0917/092627.392:ERROR:crash_report_database_win.cc(568)] CreateDirectory A:\AppData\Local\Temp\scoped_dir12948_18900\Crashpad\reports: 磁盘空间不足。 (0x70)
[1227/225600.414:ERROR:process_reader_win.cc(123)] NtOpenThread: {无法访问} 过程已请求访问一对象，但未给访问权限。  (0xc0000022)
[1227/225600.492:ERROR:exception_snapshot_win.cc(87)] thread ID 13284 not found in process
[1227/225600.492:WARNING:crash_report_exception_handler.cc(62)] ProcessSnapshotWin::Initialize failed
[1227/225751.604:ERROR:process_reader_win.cc(123)] NtOpenThread: {无法访问} 过程已请求访问一对象，但未给访问权限。  (0xc0000022)
[1227/225751.626:ERROR:exception_snapshot_win.cc(87)] thread ID 26300 not found in process
[1227/225751.626:WARNING:crash_report_exception_handler.cc(62)] ProcessSnapshotWin::Initialize failed
[1227/233013.406:ERROR:process_reader_win.cc(123)] NtOpenThread: {无法访问} 过程已请求访问一对象，但未给访问权限。  (0xc0000022)
[1227/233013.480:ERROR:exception_snapshot_win.cc(87)] thread ID 25332 not found in process
[1227/233013.480:WARNING:crash_report_exception_handler.cc(62)] ProcessSnapshotWin::Initialize failed
[1227/233526.177:ERROR:process_reader_win.cc(123)] NtOpenThread: {无法访问} 过程已请求访问一对象，但未给访问权限。  (0xc0000022)
[1227/233526.178:ERROR:exception_snapshot_win.cc(87)] thread ID 7736 not found in process
[1227/233526.178:WARNING:crash_report_exception_handler.cc(62)] ProcessSnapshotWin::Initialize failed
[1228/000032.022:ERROR:process_reader_win.cc(123)] NtOpenThread: {无法访问} 过程已请求访问一对象，但未给访问权限。  (0xc0000022)
[1228/000032.023:ERROR:exception_snapshot_win.cc(87)] thread ID 22636 not found in process
[1228/000032.023:WARNING:crash_report_exception_handler.cc(62)] ProcessSnapshotWin::Initialize failed
[1228/000446.677:ERROR:process_reader_win.cc(123)] NtOpenThread: {无法访问} 过程已请求访问一对象，但未给访问权限。  (0xc0000022)
[1228/000446.677:ERROR:exception_snapshot_win.cc(87)] thread ID 18344 not found in process
[1228/000446.677:WARNING:crash_report_exception_handler.cc(62)] ProcessSnapshotWin::Initialize failed
[1228/002349.503:ERROR:process_reader_win.cc(123)] NtOpenThread: {无法访问} 过程已请求访问一对象，但未给访问权限。  (0xc0000022)
[1228/002349.504:ERROR:exception_snapshot_win.cc(87)] thread ID 16224 not found in process
[1228/002349.504:WARNING:crash_report_exception_handler.cc(62)] ProcessSnapshotWin::Initialize failed
[1228/002918.045:ERROR:process_reader_win.cc(123)] NtOpenThread: {无法访问} 过程已请求访问一对象，但未给访问权限。  (0xc0000022)
[1228/002918.046:ERROR:exception_snapshot_win.cc(87)] thread ID 17436 not found in process
[1228/002918.046:WARNING:crash_report_exception_handler.cc(62)] ProcessSnapshotWin::Initialize failed
[1228/191020.420:ERROR:process_reader_win.cc(123)] NtOpenThread: {无法访问} 过程已请求访问一对象，但未给访问权限。  (0xc0000022)
[1228/191020.488:ERROR:exception_snapshot_win.cc(87)] thread ID 2384 not found in process
[1228/191020.488:WARNING:crash_report_exception_handler.cc(62)] ProcessSnapshotWin::Initialize failed
[1228/191222.144:ERROR:process_reader_win.cc(123)] NtOpenThread: {无法访问} 过程已请求访问一对象，但未给访问权限。  (0xc0000022)
[1228/191222.144:ERROR:exception_snapshot_win.cc(87)] thread ID 16452 not found in process
[1228/191222.144:WARNING:crash_report_exception_handler.cc(62)] ProcessSnapshotWin::Initialize failed
[1228/191938.204:ERROR:process_reader_win.cc(123)] NtOpenThread: {无法访问} 过程已请求访问一对象，但未给访问权限。  (0xc0000022)
[1228/191938.205:ERROR:exception_snapshot_win.cc(87)] thread ID 19896 not found in process
[1228/191938.205:WARNING:crash_report_exception_handler.cc(62)] ProcessSnapshotWin::Initialize failed
[1229/002143.601:ERROR:process_reader_win.cc(123)] NtOpenThread: {无法访问} 过程已请求访问一对象，但未给访问权限。  (0xc0000022)
[1229/002143.629:ERROR:exception_snapshot_win.cc(87)] thread ID 10548 not found in process
[1229/002143.629:WARNING:crash_report_exception_handler.cc(62)] ProcessSnapshotWin::Initialize failed
[0918/173726.840:ERROR:process_reader_win.cc(123)] NtOpenThread: {无法访问} 过程已请求访问一对象，但未给访问权限。 (0xc0000022)
[0918/173726.865:ERROR:exception_snapshot_win.cc(88)] thread ID 28960 not found in process
[0918/174453.761:ERROR:process_reader_win.cc(123)] NtOpenThread: {无法访问} 过程已请求访问一对象，但未给访问权限。 (0xc0000022)
[0918/174453.779:ERROR:exception_snapshot_win.cc(88)] thread ID 25716 not found in process
[0918/183719.750:ERROR:process_reader_win.cc(123)] NtOpenThread: {无法访问} 过程已请求访问一对象，但未给访问权限。 (0xc0000022)
[0918/183719.750:ERROR:process_reader_win.cc(123)] NtOpenThread: {无法访问} 过程已请求访问一对象，但未给访问权限。 (0xc0000022)
[0918/183719.771:ERROR:exception_snapshot_win.cc(88)] thread ID 6560 not found in process
[0918/183719.771:ERROR:exception_snapshot_win.cc(88)] thread ID 28928 not found in process
[0918/183719.805:ERROR:process_reader_win.cc(123)] NtOpenThread: {无法访问} 过程已请求访问一对象，但未给访问权限。 (0xc0000022)
[0918/183719.806:ERROR:exception_snapshot_win.cc(88)] thread ID 31424 not found in process
[0918/183825.350:ERROR:process_reader_win.cc(123)] NtOpenThread: {无法访问} 过程已请求访问一对象，但未给访问权限。 (0xc0000022)
[0918/183825.351:ERROR:exception_snapshot_win.cc(88)] thread ID 26732 not found in process
[0918/183921.793:ERROR:process_reader_win.cc(123)] NtOpenThread: {无法访问} 过程已请求访问一对象，但未给访问权限。 (0xc0000022)
[0918/183921.794:ERROR:exception_snapshot_win.cc(88)] thread ID 14032 not found in process
[0918/184951.632:ERROR:process_reader_win.cc(123)] NtOpenThread: {无法访问} 过程已请求访问一对象，但未给访问权限。 (0xc0000022)
[0918/184951.633:ERROR:exception_snapshot_win.cc(88)] thread ID 21920 not found in process
[0918/184951.660:ERROR:process_reader_win.cc(123)] NtOpenThread: {无法访问} 过程已请求访问一对象，但未给访问权限。 (0xc0000022)
[0918/184951.678:ERROR:exception_snapshot_win.cc(88)] thread ID 21668 not found in process
[0918/185204.421:ERROR:process_reader_win.cc(123)] NtOpenThread: {无法访问} 过程已请求访问一对象，但未给访问权限。 (0xc0000022)
[0918/185204.422:ERROR:exception_snapshot_win.cc(88)] thread ID 30100 not found in process
[0918/185244.354:ERROR:process_reader_win.cc(123)] NtOpenThread: {无法访问} 过程已请求访问一对象，但未给访问权限。 (0xc0000022)
[0918/185244.355:ERROR:exception_snapshot_win.cc(88)] thread ID 30424 not found in process
[0119/103920.928:ERROR:process_reader_win.cc(123)] NtOpenThread: {无法访问} 过程已请求访问一对象，但未给访问权限。  (0xc0000022)
[0119/103920.960:ERROR:exception_snapshot_win.cc(87)] thread ID 4548 not found in process
[0119/103920.961:WARNING:crash_report_exception_handler.cc(62)] ProcessSnapshotWin::Initialize failed
[0312/182634.737:ERROR:process_info.cc(631)] range at 0xa36142b200000000, size 0x24c fully unreadable
[0312/182635.376:ERROR:process_info.cc(631)] range at 0xa36142d200000000, size 0x24c fully unreadable
[0312/182635.376:ERROR:process_info.cc(631)] range at 0x0, size 0x24c fully unreadable
