<xml>
    <ToUserName><![CDATA[gh_78bd01a59e00]]></ToUserName>
    <FromUserName><![CDATA[ogDSQwGI_df009fxwuEbH7hqxOWw]]></FromUserName>
    <CreateTime>1582526717</CreateTime>
    <MsgType><![CDATA[text]]></MsgType>
    <Content><![CDATA[123]]></Content>
    <MsgId>22656338667882791</MsgId>
    <Encrypt><![CDATA[EFQ/tmGIOCmd2aBx6stVsizHGMCp6HOtOVL0LrtaOhiksqLfP8VKV+86PemktDDRiLdOJov551TGPyruJ27ScLSxlLMHLdlHEOKaL3Hhidnv8GqEN7j+0D+IaYfLA0N4fdrLtDck9HEz5gCng+itHDkiw3D6hJXzjhgYCnP09iW4vYiix2GsQnqBkZvwN9ZF34A3N7ESFzl6uTmBk8lLbCvFmajkE7Za2H0AW40xkK/WO5pbUa3SHrf+Ag5zFqVQ65pEFJk3qN0jRW2HPAy43jVFA6/zwIvK2sHe2bHsd/9RebVIMvP97IDyi/H5Wz49elHSjEBCOcJ/J8gfGQMzAnnLl8+0tmG4NFq3+Udq79RxQ8BbEb5bXm/PC2lRlo69R/ye6ZxmpZzDx5GeW552wRGsLBxwDk+IsBQkxOZ12hI=]]></Encrypt>
</xml>
<xml>
    <ToUserName><![CDATA[gh_78bd01a59e00]]></ToUserName>
    <FromUserName><![CDATA[ogDSQwGI_df009fxwuEbH7hqxOWw]]></FromUserName>
    <CreateTime>1582526723</CreateTime>
    <MsgType><![CDATA[text]]></MsgType>
    <Content><![CDATA[abc]]></Content>
    <MsgId>22656337339737028</MsgId>
    <Encrypt><![CDATA[Id6/VvobYqV95vrTU3D6mF/T4jJVKS6JTiccYUWDDvTFnI9iOhqKNguqfIytg9eIECG/TRhFiIhAqoOxjThkYWUkmz0qEL0T4Qro8Vtf5xmQwDmYxGugNPE27EinjF1SQua1u9Je/JXN9K8T4KPouszeRYTXhs2kxf0P565gO8qgvUIE7qmzBGKV82ZCi4etZ8SduNg/wlbFDtrsFWHIGDniCMIRdyPJJAGxH7YTJRrW3YkzrO/7Oat0PS4fupaMQsfpSc4KOrzWQvSEOCqSmHK6MYj6wdeFyi1olaJNHXNoDbpyPC5PleBvoNnOGVmDHoa198pWb/WGljbfIBfhkHacaHPvnovwmq0XrDEbKoK2A0ds+AJpCxEjenomjeltskITf6Erzz5mTCp3GMl0obc1eYTWtGGjuD4AsCWiH2Y=]]></Encrypt>
</xml>
<xml>
    <ToUserName><![CDATA[gh_78bd01a59e00]]></ToUserName>
    <FromUserName><![CDATA[ogDSQwGI_df009fxwuEbH7hqxOWw]]></FromUserName>
    <CreateTime>1582526728</CreateTime>
    <MsgType><![CDATA[text]]></MsgType>
    <Content><![CDATA[good]]></Content>
    <MsgId>22656335666998980</MsgId>
    <Encrypt><![CDATA[NHl2BxjxC98dQOIS/udCHtZo/P0IGIEoPYfLeiNK3XkbPIeZBEEj+tn/rriFCoYaofAzuSAdhiQtylgx0JER9rGsCyvmqWEt5jx5vAxjrjv1HgvloSLio62t56c9+IoWDoV30TzMq+ZE1pLPfNKMsHVfsjH74KKayjYGNeSdXrXAKbqJFJ5+mZQYkFe/jkvQqY4mJ7bvNs2PEo5BQUJzGQNRm5FNLPXj3+dI0QE18McjywOxJv8otOuhdGJrYZt8fS+h/B7GiCsn8gQYWHFciayJn+a6Vlk9umxndht8lKxWe/TCDvm/ytOkj7xHHtyWcoEKCQ2iytDhxxlJoQyCLhjcaKMhNwZuuJuJXK6i6AZ76rMO1sx/dpKMAqz266G2e+UsNTda5caPXRrOjC/MJ+SvrvczEZehtzo/v0DpMG8=]]></Encrypt>
</xml>
<xml>
    <ToUserName><![CDATA[gh_78bd01a59e00]]></ToUserName>
    <FromUserName><![CDATA[ogDSQwGI_df009fxwuEbH7hqxOWw]]></FromUserName>
    <CreateTime>1582526735</CreateTime>
    <MsgType><![CDATA[text]]></MsgType>
    <Content><![CDATA[what is your name]]></Content>
    <MsgId>22656335086658338</MsgId>
    <Encrypt><![CDATA[ZUtxgpt4XPlUo+fmuVUjzcQMPsSG1Vjh9GPnUNXZfM77U2g1jg9cvZqUb3xZsIm7YlszXPIImEh+zuUSbqYnwiyodF3bUuMejQOHUu1MYo2cdZzqXDeUcj8u7kcoK5CSxLQ08ctKLqJNq6b8efY9WhHZjaBVET4EVZgFGrImTuKuzIiDbgaZgXyMpTP+Sg0R1Ftv9PgDKnLLQoJQyFBeNhPn5UOh9kipDtPwfBtq/ddDoz5l1KFz/qB+OlJfeO4jQRfxOUX0bUzqdxhdVKoPNagJ0HJoKwRgd6jGslLpcA2cx1WNWSGPb7R/NfKlmMAEL5hTfZJMPOBK4yRjJZst6K1LL4OUDqAtFoRA75+75mnV8/3ADaxNg15Rke39nH4ekBjB4hWbBMvO1168hG27JRANNkaIv5MBsGTV/Q3KXWcgeVlc5em1vm7cuvyHJhzpr8kFIQIKqpptDuIPvqLF9A==]]></Encrypt>
</xml>
